[ 2017-05-13T14:54:11+08:00 ] ::1 ::1 GET /jrrc_web_php/Main/index
[ log ] localhost/jrrc_web_php/Main/index [运行时间：0.151979s][吞吐率：6.58req/s] [内存消耗：1,773.06kb] [文件加载：46]
[ info ] [ LANG ] D:\projects\WWW\jrrc_web_php\thinkphp\lang\zh-cn.php
[ info ] [ ROUTE ] array (
  'type' => 'module',
  'module' => 
  array (
    0 => NULL,
    1 => 'Main',
    2 => 'index',
  ),
)
[ info ] [ HEADER ] array (
  'host' => 'localhost',
  'connection' => 'keep-alive',
  'cache-control' => 'max-age=0',
  'accept' => 'text/html,application/xhtml+xml,application/xml;q=0.9,image/webp,*/*;q=0.8',
  'upgrade-insecure-requests' => '1',
  'user-agent' => 'Mozilla/5.0 (Windows NT 10.0; WOW64) AppleWebKit/537.36 (KHTML, like Gecko) Chrome/45.0.2454.101 Safari/537.36',
  'accept-encoding' => 'gzip, deflate, sdch',
  'accept-language' => 'zh-CN,zh;q=0.8',
  'cookie' => 'PHPSESSID=drojb9q4b3f40jr2aihlm3iu41',
)
[ info ] [ PARAM ] array (
)
[ info ] [ RUN ] app\controller\MainController->index[ D:\projects\WWW\jrrc_web_php\application\controller\MainController.php ]
[ info ] [ SESSION ] INIT array (
  'id' => '',
  'var_session_id' => '',
  'prefix' => 'think',
  'type' => '',
  'auto_start' => true,
)
[ info ] [ VIEW ] D:\projects\WWW\jrrc_web_php/application/view\main\index.html [ array (
  0 => 'name',
  1 => 'ruler',
) ]
[ info ] [ LOG ] INIT File

---------------------------------------------------------------
[ 2017-05-13T14:54:13+08:00 ] ::1 ::1 GET /jrrc_web_php/Rule/getAllRules?_dc=1494658452211&node=root
[ log ] localhost/jrrc_web_php/Rule/getAllRules?_dc=1494658452211&node=root [运行时间：1.081870s][吞吐率：0.92req/s] [内存消耗：2,627.66kb] [文件加载：53]
[ info ] [ LANG ] D:\projects\WWW\jrrc_web_php\thinkphp\lang\zh-cn.php
[ info ] [ ROUTE ] array (
  'type' => 'module',
  'module' => 
  array (
    0 => NULL,
    1 => 'Rule',
    2 => 'getAllRules',
  ),
)
[ info ] [ HEADER ] array (
  'host' => 'localhost',
  'connection' => 'keep-alive',
  'x-requested-with' => 'XMLHttpRequest',
  'user-agent' => 'Mozilla/5.0 (Windows NT 10.0; WOW64) AppleWebKit/537.36 (KHTML, like Gecko) Chrome/45.0.2454.101 Safari/537.36',
  'accept' => '*/*',
  'referer' => 'http://localhost/jrrc_web_php/Main/index',
  'accept-encoding' => 'gzip, deflate, sdch',
  'accept-language' => 'zh-CN,zh;q=0.8',
  'cookie' => 'PHPSESSID=drojb9q4b3f40jr2aihlm3iu41',
)
[ info ] [ PARAM ] array (
  '_dc' => '1494658452211',
  'node' => 'root',
)
[ info ] [ DB ] INIT mysql
[ info ] [ RUN ] app\controller\RuleController->getAllRules[ D:\projects\WWW\jrrc_web_php\application\controller\RuleController.php ]
[ info ] [ LOG ] INIT File
[ sql ] [ DB ] CONNECT:[ UseTime:1.011490s ] mysql:dbname=jrrc;host=localhost;port=3306;charset=utf8
[ sql ] [ SQL ] SHOW COLUMNS FROM `jrrc_rule` [ RunTime:0.019583s ]
[ sql ] [ SQL ] SELECT * FROM `jrrc_rule` [ RunTime:0.000587s ]

---------------------------------------------------------------
[ 2017-05-13T14:54:14+08:00 ] ::1 ::1 GET /jrrc_web_php/Rule/getAllRules?_dc=1494658453319&node=6
[ log ] localhost/jrrc_web_php/Rule/getAllRules?_dc=1494658453319&node=6 [运行时间：1.076390s][吞吐率：0.93req/s] [内存消耗：2,627.64kb] [文件加载：53]
[ info ] [ LANG ] D:\projects\WWW\jrrc_web_php\thinkphp\lang\zh-cn.php
[ info ] [ ROUTE ] array (
  'type' => 'module',
  'module' => 
  array (
    0 => NULL,
    1 => 'Rule',
    2 => 'getAllRules',
  ),
)
[ info ] [ HEADER ] array (
  'host' => 'localhost',
  'connection' => 'keep-alive',
  'x-requested-with' => 'XMLHttpRequest',
  'user-agent' => 'Mozilla/5.0 (Windows NT 10.0; WOW64) AppleWebKit/537.36 (KHTML, like Gecko) Chrome/45.0.2454.101 Safari/537.36',
  'accept' => '*/*',
  'referer' => 'http://localhost/jrrc_web_php/Main/index',
  'accept-encoding' => 'gzip, deflate, sdch',
  'accept-language' => 'zh-CN,zh;q=0.8',
  'cookie' => 'PHPSESSID=drojb9q4b3f40jr2aihlm3iu41',
)
[ info ] [ PARAM ] array (
  '_dc' => '1494658453319',
  'node' => '6',
)
[ info ] [ DB ] INIT mysql
[ info ] [ RUN ] app\controller\RuleController->getAllRules[ D:\projects\WWW\jrrc_web_php\application\controller\RuleController.php ]
[ info ] [ LOG ] INIT File
[ sql ] [ DB ] CONNECT:[ UseTime:1.011873s ] mysql:dbname=jrrc;host=localhost;port=3306;charset=utf8
[ sql ] [ SQL ] SHOW COLUMNS FROM `jrrc_rule` [ RunTime:0.012243s ]
[ sql ] [ SQL ] SELECT * FROM `jrrc_rule` [ RunTime:0.000556s ]

---------------------------------------------------------------
[ 2017-05-13T14:54:14+08:00 ] ::1 ::1 GET /jrrc_web_php/Rule/getAllRules?_dc=1494658453321&node=5
[ log ] localhost/jrrc_web_php/Rule/getAllRules?_dc=1494658453321&node=5 [运行时间：1.112488s][吞吐率：0.90req/s] [内存消耗：2,627.68kb] [文件加载：53]
[ info ] [ LANG ] D:\projects\WWW\jrrc_web_php\thinkphp\lang\zh-cn.php
[ info ] [ ROUTE ] array (
  'type' => 'module',
  'module' => 
  array (
    0 => NULL,
    1 => 'Rule',
    2 => 'getAllRules',
  ),
)
[ info ] [ HEADER ] array (
  'host' => 'localhost',
  'connection' => 'keep-alive',
  'x-requested-with' => 'XMLHttpRequest',
  'user-agent' => 'Mozilla/5.0 (Windows NT 10.0; WOW64) AppleWebKit/537.36 (KHTML, like Gecko) Chrome/45.0.2454.101 Safari/537.36',
  'accept' => '*/*',
  'referer' => 'http://localhost/jrrc_web_php/Main/index',
  'accept-encoding' => 'gzip, deflate, sdch',
  'accept-language' => 'zh-CN,zh;q=0.8',
  'cookie' => 'PHPSESSID=drojb9q4b3f40jr2aihlm3iu41',
)
[ info ] [ PARAM ] array (
  '_dc' => '1494658453321',
  'node' => '5',
)
[ info ] [ DB ] INIT mysql
[ info ] [ RUN ] app\controller\RuleController->getAllRules[ D:\projects\WWW\jrrc_web_php\application\controller\RuleController.php ]
[ info ] [ LOG ] INIT File
[ sql ] [ DB ] CONNECT:[ UseTime:1.002058s ] mysql:dbname=jrrc;host=localhost;port=3306;charset=utf8
[ sql ] [ SQL ] SHOW COLUMNS FROM `jrrc_rule` [ RunTime:0.030239s ]
[ sql ] [ SQL ] SELECT * FROM `jrrc_rule` [ RunTime:0.000531s ]

---------------------------------------------------------------
[ 2017-05-13T14:54:14+08:00 ] ::1 ::1 GET /jrrc_web_php/Rule/getAllRules?_dc=1494658453347&node=2
[ log ] localhost/jrrc_web_php/Rule/getAllRules?_dc=1494658453347&node=2 [运行时间：1.100413s][吞吐率：0.91req/s] [内存消耗：2,627.70kb] [文件加载：53]
[ info ] [ LANG ] D:\projects\WWW\jrrc_web_php\thinkphp\lang\zh-cn.php
[ info ] [ ROUTE ] array (
  'type' => 'module',
  'module' => 
  array (
    0 => NULL,
    1 => 'Rule',
    2 => 'getAllRules',
  ),
)
[ info ] [ HEADER ] array (
  'host' => 'localhost',
  'connection' => 'keep-alive',
  'x-requested-with' => 'XMLHttpRequest',
  'user-agent' => 'Mozilla/5.0 (Windows NT 10.0; WOW64) AppleWebKit/537.36 (KHTML, like Gecko) Chrome/45.0.2454.101 Safari/537.36',
  'accept' => '*/*',
  'referer' => 'http://localhost/jrrc_web_php/Main/index',
  'accept-encoding' => 'gzip, deflate, sdch',
  'accept-language' => 'zh-CN,zh;q=0.8',
  'cookie' => 'PHPSESSID=drojb9q4b3f40jr2aihlm3iu41',
)
[ info ] [ PARAM ] array (
  '_dc' => '1494658453347',
  'node' => '2',
)
[ info ] [ DB ] INIT mysql
[ info ] [ RUN ] app\controller\RuleController->getAllRules[ D:\projects\WWW\jrrc_web_php\application\controller\RuleController.php ]
[ info ] [ LOG ] INIT File
[ sql ] [ DB ] CONNECT:[ UseTime:1.002188s ] mysql:dbname=jrrc;host=localhost;port=3306;charset=utf8
[ sql ] [ SQL ] SHOW COLUMNS FROM `jrrc_rule` [ RunTime:0.044837s ]
[ sql ] [ SQL ] SELECT * FROM `jrrc_rule` [ RunTime:0.000497s ]

---------------------------------------------------------------
[ 2017-05-13T14:54:14+08:00 ] ::1 ::1 GET /jrrc_web_php/Rule/getAllRules?_dc=1494658453322&node=4
[ log ] localhost/jrrc_web_php/Rule/getAllRules?_dc=1494658453322&node=4 [运行时间：1.169862s][吞吐率：0.85req/s] [内存消耗：2,627.70kb] [文件加载：53]
[ info ] [ LANG ] D:\projects\WWW\jrrc_web_php\thinkphp\lang\zh-cn.php
[ info ] [ ROUTE ] array (
  'type' => 'module',
  'module' => 
  array (
    0 => NULL,
    1 => 'Rule',
    2 => 'getAllRules',
  ),
)
[ info ] [ HEADER ] array (
  'host' => 'localhost',
  'connection' => 'keep-alive',
  'x-requested-with' => 'XMLHttpRequest',
  'user-agent' => 'Mozilla/5.0 (Windows NT 10.0; WOW64) AppleWebKit/537.36 (KHTML, like Gecko) Chrome/45.0.2454.101 Safari/537.36',
  'accept' => '*/*',
  'referer' => 'http://localhost/jrrc_web_php/Main/index',
  'accept-encoding' => 'gzip, deflate, sdch',
  'accept-language' => 'zh-CN,zh;q=0.8',
  'cookie' => 'PHPSESSID=drojb9q4b3f40jr2aihlm3iu41',
)
[ info ] [ PARAM ] array (
  '_dc' => '1494658453322',
  'node' => '4',
)
[ info ] [ DB ] INIT mysql
[ info ] [ RUN ] app\controller\RuleController->getAllRules[ D:\projects\WWW\jrrc_web_php\application\controller\RuleController.php ]
[ info ] [ LOG ] INIT File
[ sql ] [ DB ] CONNECT:[ UseTime:1.012027s ] mysql:dbname=jrrc;host=localhost;port=3306;charset=utf8
[ sql ] [ SQL ] SHOW COLUMNS FROM `jrrc_rule` [ RunTime:0.077849s ]
[ sql ] [ SQL ] SELECT * FROM `jrrc_rule` [ RunTime:0.000607s ]

---------------------------------------------------------------
[ 2017-05-13T14:54:14+08:00 ] ::1 ::1 GET /jrrc_web_php/Rule/getAllRules?_dc=1494658453325&node=3
[ log ] localhost/jrrc_web_php/Rule/getAllRules?_dc=1494658453325&node=3 [运行时间：1.183169s][吞吐率：0.85req/s] [内存消耗：2,627.67kb] [文件加载：53]
[ info ] [ LANG ] D:\projects\WWW\jrrc_web_php\thinkphp\lang\zh-cn.php
[ info ] [ ROUTE ] array (
  'type' => 'module',
  'module' => 
  array (
    0 => NULL,
    1 => 'Rule',
    2 => 'getAllRules',
  ),
)
[ info ] [ HEADER ] array (
  'host' => 'localhost',
  'connection' => 'keep-alive',
  'x-requested-with' => 'XMLHttpRequest',
  'user-agent' => 'Mozilla/5.0 (Windows NT 10.0; WOW64) AppleWebKit/537.36 (KHTML, like Gecko) Chrome/45.0.2454.101 Safari/537.36',
  'accept' => '*/*',
  'referer' => 'http://localhost/jrrc_web_php/Main/index',
  'accept-encoding' => 'gzip, deflate, sdch',
  'accept-language' => 'zh-CN,zh;q=0.8',
  'cookie' => 'PHPSESSID=drojb9q4b3f40jr2aihlm3iu41',
)
[ info ] [ PARAM ] array (
  '_dc' => '1494658453325',
  'node' => '3',
)
[ info ] [ DB ] INIT mysql
[ info ] [ RUN ] app\controller\RuleController->getAllRules[ D:\projects\WWW\jrrc_web_php\application\controller\RuleController.php ]
[ info ] [ LOG ] INIT File
[ sql ] [ DB ] CONNECT:[ UseTime:1.002278s ] mysql:dbname=jrrc;host=localhost;port=3306;charset=utf8
[ sql ] [ SQL ] SHOW COLUMNS FROM `jrrc_rule` [ RunTime:0.051853s ]
[ sql ] [ SQL ] SELECT * FROM `jrrc_rule` [ RunTime:0.000546s ]

---------------------------------------------------------------
[ 2017-05-13T14:54:14+08:00 ] ::1 ::1 GET /jrrc_web_php/Rule/getAllRules?_dc=1494658453349&node=1
[ log ] localhost/jrrc_web_php/Rule/getAllRules?_dc=1494658453349&node=1 [运行时间：1.155168s][吞吐率：0.87req/s] [内存消耗：2,627.70kb] [文件加载：53]
[ info ] [ LANG ] D:\projects\WWW\jrrc_web_php\thinkphp\lang\zh-cn.php
[ info ] [ ROUTE ] array (
  'type' => 'module',
  'module' => 
  array (
    0 => NULL,
    1 => 'Rule',
    2 => 'getAllRules',
  ),
)
[ info ] [ HEADER ] array (
  'host' => 'localhost',
  'connection' => 'keep-alive',
  'x-requested-with' => 'XMLHttpRequest',
  'user-agent' => 'Mozilla/5.0 (Windows NT 10.0; WOW64) AppleWebKit/537.36 (KHTML, like Gecko) Chrome/45.0.2454.101 Safari/537.36',
  'accept' => '*/*',
  'referer' => 'http://localhost/jrrc_web_php/Main/index',
  'accept-encoding' => 'gzip, deflate, sdch',
  'accept-language' => 'zh-CN,zh;q=0.8',
  'cookie' => 'PHPSESSID=drojb9q4b3f40jr2aihlm3iu41',
)
[ info ] [ PARAM ] array (
  '_dc' => '1494658453349',
  'node' => '1',
)
[ info ] [ DB ] INIT mysql
[ info ] [ RUN ] app\controller\RuleController->getAllRules[ D:\projects\WWW\jrrc_web_php\application\controller\RuleController.php ]
[ info ] [ LOG ] INIT File
[ sql ] [ DB ] CONNECT:[ UseTime:1.001890s ] mysql:dbname=jrrc;host=localhost;port=3306;charset=utf8
[ sql ] [ SQL ] SHOW COLUMNS FROM `jrrc_rule` [ RunTime:0.071030s ]
[ sql ] [ SQL ] SELECT * FROM `jrrc_rule` [ RunTime:0.000560s ]

---------------------------------------------------------------
[ 2017-05-13T14:54:15+08:00 ] ::1 ::1 GET /jrrc_web_php/Rule/getAllRules?_dc=1494658453352&node=7
[ log ] localhost/jrrc_web_php/Rule/getAllRules?_dc=1494658453352&node=7 [运行时间：1.076446s][吞吐率：0.93req/s] [内存消耗：2,627.67kb] [文件加载：53]
[ info ] [ LANG ] D:\projects\WWW\jrrc_web_php\thinkphp\lang\zh-cn.php
[ info ] [ ROUTE ] array (
  'type' => 'module',
  'module' => 
  array (
    0 => NULL,
    1 => 'Rule',
    2 => 'getAllRules',
  ),
)
[ info ] [ HEADER ] array (
  'host' => 'localhost',
  'connection' => 'keep-alive',
  'x-requested-with' => 'XMLHttpRequest',
  'user-agent' => 'Mozilla/5.0 (Windows NT 10.0; WOW64) AppleWebKit/537.36 (KHTML, like Gecko) Chrome/45.0.2454.101 Safari/537.36',
  'accept' => '*/*',
  'referer' => 'http://localhost/jrrc_web_php/Main/index',
  'accept-encoding' => 'gzip, deflate, sdch',
  'accept-language' => 'zh-CN,zh;q=0.8',
  'cookie' => 'PHPSESSID=drojb9q4b3f40jr2aihlm3iu41',
)
[ info ] [ PARAM ] array (
  '_dc' => '1494658453352',
  'node' => '7',
)
[ info ] [ DB ] INIT mysql
[ info ] [ RUN ] app\controller\RuleController->getAllRules[ D:\projects\WWW\jrrc_web_php\application\controller\RuleController.php ]
[ info ] [ LOG ] INIT File
[ sql ] [ DB ] CONNECT:[ UseTime:1.013118s ] mysql:dbname=jrrc;host=localhost;port=3306;charset=utf8
[ sql ] [ SQL ] SHOW COLUMNS FROM `jrrc_rule` [ RunTime:0.014654s ]
[ sql ] [ SQL ] SELECT * FROM `jrrc_rule` [ RunTime:0.000798s ]

---------------------------------------------------------------
[ 2017-05-13T14:54:15+08:00 ] ::1 ::1 GET /jrrc_web_php/Rule/getAllRules?_dc=1494658453354&node=8
[ log ] localhost/jrrc_web_php/Rule/getAllRules?_dc=1494658453354&node=8 [运行时间：1.058747s][吞吐率：0.94req/s] [内存消耗：2,627.68kb] [文件加载：53]
[ info ] [ LANG ] D:\projects\WWW\jrrc_web_php\thinkphp\lang\zh-cn.php
[ info ] [ ROUTE ] array (
  'type' => 'module',
  'module' => 
  array (
    0 => NULL,
    1 => 'Rule',
    2 => 'getAllRules',
  ),
)
[ info ] [ HEADER ] array (
  'host' => 'localhost',
  'connection' => 'keep-alive',
  'x-requested-with' => 'XMLHttpRequest',
  'user-agent' => 'Mozilla/5.0 (Windows NT 10.0; WOW64) AppleWebKit/537.36 (KHTML, like Gecko) Chrome/45.0.2454.101 Safari/537.36',
  'accept' => '*/*',
  'referer' => 'http://localhost/jrrc_web_php/Main/index',
  'accept-encoding' => 'gzip, deflate, sdch',
  'accept-language' => 'zh-CN,zh;q=0.8',
  'cookie' => 'PHPSESSID=drojb9q4b3f40jr2aihlm3iu41',
)
[ info ] [ PARAM ] array (
  '_dc' => '1494658453354',
  'node' => '8',
)
[ info ] [ DB ] INIT mysql
[ info ] [ RUN ] app\controller\RuleController->getAllRules[ D:\projects\WWW\jrrc_web_php\application\controller\RuleController.php ]
[ info ] [ LOG ] INIT File
[ sql ] [ DB ] CONNECT:[ UseTime:1.002747s ] mysql:dbname=jrrc;host=localhost;port=3306;charset=utf8
[ sql ] [ SQL ] SHOW COLUMNS FROM `jrrc_rule` [ RunTime:0.008766s ]
[ sql ] [ SQL ] SELECT * FROM `jrrc_rule` [ RunTime:0.000555s ]

---------------------------------------------------------------
[ 2017-05-13T14:54:15+08:00 ] ::1 ::1 GET /jrrc_web_php/Rule/getAllRules?_dc=1494658454515&node=21
[ log ] localhost/jrrc_web_php/Rule/getAllRules?_dc=1494658454515&node=21 [运行时间：1.060829s][吞吐率：0.94req/s] [内存消耗：2,627.66kb] [文件加载：53]
[ info ] [ LANG ] D:\projects\WWW\jrrc_web_php\thinkphp\lang\zh-cn.php
[ info ] [ ROUTE ] array (
  'type' => 'module',
  'module' => 
  array (
    0 => NULL,
    1 => 'Rule',
    2 => 'getAllRules',
  ),
)
[ info ] [ HEADER ] array (
  'host' => 'localhost',
  'connection' => 'keep-alive',
  'x-requested-with' => 'XMLHttpRequest',
  'user-agent' => 'Mozilla/5.0 (Windows NT 10.0; WOW64) AppleWebKit/537.36 (KHTML, like Gecko) Chrome/45.0.2454.101 Safari/537.36',
  'accept' => '*/*',
  'referer' => 'http://localhost/jrrc_web_php/Main/index',
  'accept-encoding' => 'gzip, deflate, sdch',
  'accept-language' => 'zh-CN,zh;q=0.8',
  'cookie' => 'PHPSESSID=drojb9q4b3f40jr2aihlm3iu41',
)
[ info ] [ PARAM ] array (
  '_dc' => '1494658454515',
  'node' => '21',
)
[ info ] [ DB ] INIT mysql
[ info ] [ RUN ] app\controller\RuleController->getAllRules[ D:\projects\WWW\jrrc_web_php\application\controller\RuleController.php ]
[ info ] [ LOG ] INIT File
[ sql ] [ DB ] CONNECT:[ UseTime:1.002277s ] mysql:dbname=jrrc;host=localhost;port=3306;charset=utf8
[ sql ] [ SQL ] SHOW COLUMNS FROM `jrrc_rule` [ RunTime:0.007943s ]
[ sql ] [ SQL ] SELECT * FROM `jrrc_rule` [ RunTime:0.000561s ]

---------------------------------------------------------------
[ 2017-05-13T14:54:16+08:00 ] ::1 ::1 GET /jrrc_web_php/User/getAllUsers?_dc=1494658455900&page=1&start=0&limit=25
[ log ] localhost/jrrc_web_php/User/getAllUsers?_dc=1494658455900&page=1&start=0&limit=25 [运行时间：1.061742s][吞吐率：0.94req/s] [内存消耗：2,397.51kb] [文件加载：49]
[ info ] [ LANG ] D:\projects\WWW\jrrc_web_php\thinkphp\lang\zh-cn.php
[ info ] [ ROUTE ] array (
  'type' => 'module',
  'module' => 
  array (
    0 => NULL,
    1 => 'User',
    2 => 'getAllUsers',
  ),
)
[ info ] [ HEADER ] array (
  'host' => 'localhost',
  'connection' => 'keep-alive',
  'x-requested-with' => 'XMLHttpRequest',
  'user-agent' => 'Mozilla/5.0 (Windows NT 10.0; WOW64) AppleWebKit/537.36 (KHTML, like Gecko) Chrome/45.0.2454.101 Safari/537.36',
  'accept' => '*/*',
  'referer' => 'http://localhost/jrrc_web_php/Main/index',
  'accept-encoding' => 'gzip, deflate, sdch',
  'accept-language' => 'zh-CN,zh;q=0.8',
  'cookie' => 'PHPSESSID=drojb9q4b3f40jr2aihlm3iu41',
)
[ info ] [ PARAM ] array (
  '_dc' => '1494658455900',
  'page' => '1',
  'start' => '0',
  'limit' => '25',
)
[ info ] [ RUN ] app\Controller\UserController->getAllUsers[ D:\projects\WWW\jrrc_web_php\application\controller\UserController.php ]
[ info ] [ DB ] INIT mysql
[ info ] [ LOG ] INIT File
[ sql ] [ DB ] CONNECT:[ UseTime:1.003021s ] mysql:dbname=jrrc;host=localhost;port=3306;charset=utf8
[ sql ] [ SQL ] SHOW COLUMNS FROM `jrrc_user` [ RunTime:0.012765s ]
[ sql ] [ SQL ] SELECT * FROM `jrrc_user` [ RunTime:0.000511s ]

---------------------------------------------------------------
[ 2017-05-13T14:54:21+08:00 ] ::1 ::1 POST /jrrc_web_php/User/edit
[ log ] localhost/jrrc_web_php/User/edit [运行时间：1.063440s][吞吐率：0.94req/s] [内存消耗：2,386.37kb] [文件加载：48]
[ info ] [ LANG ] D:\projects\WWW\jrrc_web_php\thinkphp\lang\zh-cn.php
[ info ] [ ROUTE ] array (
  'type' => 'module',
  'module' => 
  array (
    0 => NULL,
    1 => 'User',
    2 => 'edit',
  ),
)
[ info ] [ HEADER ] array (
  'host' => 'localhost',
  'connection' => 'keep-alive',
  'content-length' => '1881',
  'origin' => 'http://localhost',
  'x-requested-with' => 'XMLHttpRequest',
  'user-agent' => 'Mozilla/5.0 (Windows NT 10.0; WOW64) AppleWebKit/537.36 (KHTML, like Gecko) Chrome/45.0.2454.101 Safari/537.36',
  'content-type' => 'application/x-www-form-urlencoded; charset=UTF-8',
  'accept' => '*/*',
  'referer' => 'http://localhost/jrrc_web_php/Main/index',
  'accept-encoding' => 'gzip, deflate',
  'accept-language' => 'zh-CN,zh;q=0.8',
  'cookie' => 'PHPSESSID=drojb9q4b3f40jr2aihlm3iu41',
)
[ info ] [ PARAM ] array (
)
[ info ] [ RUN ] app\Controller\UserController->edit[ D:\projects\WWW\jrrc_web_php\application\controller\UserController.php ]
[ info ] [ DB ] INIT mysql
[ info ] [ LOG ] INIT File
[ sql ] [ DB ] CONNECT:[ UseTime:1.002918s ] mysql:dbname=jrrc;host=localhost;port=3306;charset=utf8
[ sql ] [ SQL ] SHOW COLUMNS FROM `jrrc_user` [ RunTime:0.027429s ]
[ sql ] [ SQL ] SELECT * FROM `jrrc_user` LIMIT 1 [ RunTime:0.000526s ]

---------------------------------------------------------------
[ 2017-05-13T14:55:56+08:00 ] ::1 ::1 POST /jrrc_web_php/User/edit
[ log ] localhost/jrrc_web_php/User/edit [运行时间：1.057190s][吞吐率：0.95req/s] [内存消耗：2,387.63kb] [文件加载：48]
[ info ] [ LANG ] D:\projects\WWW\jrrc_web_php\thinkphp\lang\zh-cn.php
[ info ] [ ROUTE ] array (
  'type' => 'module',
  'module' => 
  array (
    0 => NULL,
    1 => 'User',
    2 => 'edit',
  ),
)
[ info ] [ HEADER ] array (
  'host' => 'localhost',
  'connection' => 'keep-alive',
  'content-length' => '1882',
  'origin' => 'http://localhost',
  'x-requested-with' => 'XMLHttpRequest',
  'user-agent' => 'Mozilla/5.0 (Windows NT 10.0; WOW64) AppleWebKit/537.36 (KHTML, like Gecko) Chrome/45.0.2454.101 Safari/537.36',
  'content-type' => 'application/x-www-form-urlencoded; charset=UTF-8',
  'accept' => '*/*',
  'referer' => 'http://localhost/jrrc_web_php/Main/index',
  'accept-encoding' => 'gzip, deflate',
  'accept-language' => 'zh-CN,zh;q=0.8',
  'cookie' => 'PHPSESSID=drojb9q4b3f40jr2aihlm3iu41',
)
[ info ] [ PARAM ] array (
)
[ info ] [ RUN ] app\Controller\UserController->edit[ D:\projects\WWW\jrrc_web_php\application\controller\UserController.php ]
[ info ] [ DB ] INIT mysql
[ info ] [ LOG ] INIT File
[ sql ] [ DB ] CONNECT:[ UseTime:1.002664s ] mysql:dbname=jrrc;host=localhost;port=3306;charset=utf8
[ sql ] [ SQL ] SHOW COLUMNS FROM `jrrc_user` [ RunTime:0.021617s ]
[ sql ] [ SQL ] SELECT * FROM `jrrc_user` WHERE  `id` = 1 LIMIT 1 [ RunTime:0.000941s ]

---------------------------------------------------------------
[ 2017-05-13T14:56:42+08:00 ] ::1 ::1 POST /jrrc_web_php/User/edit
[ log ] localhost/jrrc_web_php/User/edit [运行时间：1.060895s][吞吐率：0.94req/s] [内存消耗：2,432.91kb] [文件加载：52]
[ info ] [ LANG ] D:\projects\WWW\jrrc_web_php\thinkphp\lang\zh-cn.php
[ info ] [ ROUTE ] array (
  'type' => 'module',
  'module' => 
  array (
    0 => NULL,
    1 => 'User',
    2 => 'edit',
  ),
)
[ info ] [ HEADER ] array (
  'host' => 'localhost',
  'connection' => 'keep-alive',
  'content-length' => '1884',
  'origin' => 'http://localhost',
  'x-requested-with' => 'XMLHttpRequest',
  'user-agent' => 'Mozilla/5.0 (Windows NT 10.0; WOW64) AppleWebKit/537.36 (KHTML, like Gecko) Chrome/45.0.2454.101 Safari/537.36',
  'content-type' => 'application/x-www-form-urlencoded; charset=UTF-8',
  'accept' => '*/*',
  'referer' => 'http://localhost/jrrc_web_php/Main/index',
  'accept-encoding' => 'gzip, deflate',
  'accept-language' => 'zh-CN,zh;q=0.8',
  'cookie' => 'PHPSESSID=drojb9q4b3f40jr2aihlm3iu41',
)
[ info ] [ PARAM ] array (
)
[ info ] [ RUN ] app\Controller\UserController->edit[ D:\projects\WWW\jrrc_web_php\application\controller\UserController.php ]
[ info ] [ DB ] INIT mysql
[ info ] [ LOG ] INIT File
[ sql ] [ DB ] CONNECT:[ UseTime:1.002536s ] mysql:dbname=jrrc;host=localhost;port=3306;charset=utf8
[ sql ] [ SQL ] SHOW COLUMNS FROM `jrrc_user` [ RunTime:0.014841s ]
[ sql ] [ SQL ] SELECT * FROM `jrrc_user` WHERE  `id` = 1 LIMIT 1 [ RunTime:0.000478s ]
[ error ] [8]Trying to get property of non-object[D:\projects\WWW\jrrc_web_php\application\controller\UserController.php:98]

---------------------------------------------------------------
[ 2017-05-13T14:58:35+08:00 ] ::1 ::1 POST /jrrc_web_php/User/edit
[ log ] localhost/jrrc_web_php/User/edit [运行时间：1.064150s][吞吐率：0.94req/s] [内存消耗：2,433.05kb] [文件加载：52]
[ info ] [ LANG ] D:\projects\WWW\jrrc_web_php\thinkphp\lang\zh-cn.php
[ info ] [ ROUTE ] array (
  'type' => 'module',
  'module' => 
  array (
    0 => NULL,
    1 => 'User',
    2 => 'edit',
  ),
)
[ info ] [ HEADER ] array (
  'host' => 'localhost',
  'connection' => 'keep-alive',
  'content-length' => '1879',
  'origin' => 'http://localhost',
  'x-requested-with' => 'XMLHttpRequest',
  'user-agent' => 'Mozilla/5.0 (Windows NT 10.0; WOW64) AppleWebKit/537.36 (KHTML, like Gecko) Chrome/45.0.2454.101 Safari/537.36',
  'content-type' => 'application/x-www-form-urlencoded; charset=UTF-8',
  'accept' => '*/*',
  'referer' => 'http://localhost/jrrc_web_php/Main/index',
  'accept-encoding' => 'gzip, deflate',
  'accept-language' => 'zh-CN,zh;q=0.8',
  'cookie' => 'PHPSESSID=drojb9q4b3f40jr2aihlm3iu41',
)
[ info ] [ PARAM ] array (
)
[ info ] [ RUN ] app\Controller\UserController->edit[ D:\projects\WWW\jrrc_web_php\application\controller\UserController.php ]
[ info ] [ DB ] INIT mysql
[ info ] [ LOG ] INIT File
[ sql ] [ DB ] CONNECT:[ UseTime:1.002530s ] mysql:dbname=jrrc;host=localhost;port=3306;charset=utf8
[ sql ] [ SQL ] SHOW COLUMNS FROM `jrrc_user` [ RunTime:0.022062s ]
[ sql ] [ SQL ] SELECT * FROM `jrrc_user` WHERE  `id` = 1 LIMIT 1 [ RunTime:0.000886s ]
[ error ] [8]Trying to get property of non-object[D:\projects\WWW\jrrc_web_php\application\controller\UserController.php:98]

---------------------------------------------------------------
[ 2017-05-13T14:59:22+08:00 ] ::1 ::1 POST /jrrc_web_php/User/edit
[ log ] localhost/jrrc_web_php/User/edit [运行时间：1.057571s][吞吐率：0.95req/s] [内存消耗：2,433.27kb] [文件加载：52]
[ info ] [ LANG ] D:\projects\WWW\jrrc_web_php\thinkphp\lang\zh-cn.php
[ info ] [ ROUTE ] array (
  'type' => 'module',
  'module' => 
  array (
    0 => NULL,
    1 => 'User',
    2 => 'edit',
  ),
)
[ info ] [ HEADER ] array (
  'host' => 'localhost',
  'connection' => 'keep-alive',
  'content-length' => '1879',
  'origin' => 'http://localhost',
  'x-requested-with' => 'XMLHttpRequest',
  'user-agent' => 'Mozilla/5.0 (Windows NT 10.0; WOW64) AppleWebKit/537.36 (KHTML, like Gecko) Chrome/45.0.2454.101 Safari/537.36',
  'content-type' => 'application/x-www-form-urlencoded; charset=UTF-8',
  'accept' => '*/*',
  'referer' => 'http://localhost/jrrc_web_php/Main/index',
  'accept-encoding' => 'gzip, deflate',
  'accept-language' => 'zh-CN,zh;q=0.8',
  'cookie' => 'PHPSESSID=drojb9q4b3f40jr2aihlm3iu41',
)
[ info ] [ PARAM ] array (
)
[ info ] [ RUN ] app\Controller\UserController->edit[ D:\projects\WWW\jrrc_web_php\application\controller\UserController.php ]
[ info ] [ DB ] INIT mysql
[ info ] [ LOG ] INIT File
[ sql ] [ DB ] CONNECT:[ UseTime:1.002880s ] mysql:dbname=jrrc;host=localhost;port=3306;charset=utf8
[ sql ] [ SQL ] SHOW COLUMNS FROM `jrrc_user` [ RunTime:0.019397s ]
[ sql ] [ SQL ] SELECT * FROM `jrrc_user` WHERE  `id` = 1 LIMIT 1 [ RunTime:0.000417s ]
[ error ] [8]Trying to get property of non-object[D:\projects\WWW\jrrc_web_php\application\controller\UserController.php:99]

---------------------------------------------------------------
[ 2017-05-13T15:01:08+08:00 ] ::1 ::1 POST /jrrc_web_php/User/edit
[ log ] localhost/jrrc_web_php/User/edit [运行时间：1.059573s][吞吐率：0.94req/s] [内存消耗：2,433.27kb] [文件加载：52]
[ info ] [ LANG ] D:\projects\WWW\jrrc_web_php\thinkphp\lang\zh-cn.php
[ info ] [ ROUTE ] array (
  'type' => 'module',
  'module' => 
  array (
    0 => NULL,
    1 => 'User',
    2 => 'edit',
  ),
)
[ info ] [ HEADER ] array (
  'host' => 'localhost',
  'connection' => 'keep-alive',
  'content-length' => '1879',
  'origin' => 'http://localhost',
  'x-requested-with' => 'XMLHttpRequest',
  'user-agent' => 'Mozilla/5.0 (Windows NT 10.0; WOW64) AppleWebKit/537.36 (KHTML, like Gecko) Chrome/45.0.2454.101 Safari/537.36',
  'content-type' => 'application/x-www-form-urlencoded; charset=UTF-8',
  'accept' => '*/*',
  'referer' => 'http://localhost/jrrc_web_php/Main/index',
  'accept-encoding' => 'gzip, deflate',
  'accept-language' => 'zh-CN,zh;q=0.8',
  'cookie' => 'PHPSESSID=drojb9q4b3f40jr2aihlm3iu41',
)
[ info ] [ PARAM ] array (
)
[ info ] [ RUN ] app\Controller\UserController->edit[ D:\projects\WWW\jrrc_web_php\application\controller\UserController.php ]
[ info ] [ DB ] INIT mysql
[ info ] [ LOG ] INIT File
[ sql ] [ DB ] CONNECT:[ UseTime:1.002707s ] mysql:dbname=jrrc;host=localhost;port=3306;charset=utf8
[ sql ] [ SQL ] SHOW COLUMNS FROM `jrrc_user` [ RunTime:0.017622s ]
[ sql ] [ SQL ] SELECT * FROM `jrrc_user` WHERE  `id` = 1 LIMIT 1 [ RunTime:0.000357s ]
[ error ] [8]Trying to get property of non-object[D:\projects\WWW\jrrc_web_php\application\controller\UserController.php:99]

---------------------------------------------------------------
[ 2017-05-13T15:05:10+08:00 ] ::1 ::1 POST /jrrc_web_php/User/edit
[ log ] localhost/jrrc_web_php/User/edit [运行时间：1.074600s][吞吐率：0.93req/s] [内存消耗：2,389.73kb] [文件加载：48]
[ info ] [ LANG ] D:\projects\WWW\jrrc_web_php\thinkphp\lang\zh-cn.php
[ info ] [ ROUTE ] array (
  'type' => 'module',
  'module' => 
  array (
    0 => NULL,
    1 => 'User',
    2 => 'edit',
  ),
)
[ info ] [ HEADER ] array (
  'host' => 'localhost',
  'connection' => 'keep-alive',
  'content-length' => '1879',
  'origin' => 'http://localhost',
  'x-requested-with' => 'XMLHttpRequest',
  'user-agent' => 'Mozilla/5.0 (Windows NT 10.0; WOW64) AppleWebKit/537.36 (KHTML, like Gecko) Chrome/45.0.2454.101 Safari/537.36',
  'content-type' => 'application/x-www-form-urlencoded; charset=UTF-8',
  'accept' => '*/*',
  'referer' => 'http://localhost/jrrc_web_php/Main/index',
  'accept-encoding' => 'gzip, deflate',
  'accept-language' => 'zh-CN,zh;q=0.8',
  'cookie' => 'PHPSESSID=drojb9q4b3f40jr2aihlm3iu41',
)
[ info ] [ PARAM ] array (
)
[ info ] [ RUN ] app\Controller\UserController->edit[ D:\projects\WWW\jrrc_web_php\application\controller\UserController.php ]
[ info ] [ DB ] INIT mysql
[ info ] [ LOG ] INIT File
[ sql ] [ DB ] CONNECT:[ UseTime:1.012718s ] mysql:dbname=jrrc;host=localhost;port=3306;charset=utf8
[ sql ] [ SQL ] SHOW COLUMNS FROM `jrrc_user` [ RunTime:0.018908s ]
[ sql ] [ SQL ] SELECT * FROM `jrrc_user` [ RunTime:0.000885s ]

---------------------------------------------------------------
[ 2017-05-13T15:06:04+08:00 ] ::1 ::1 POST /jrrc_web_php/User/edit
[ log ] localhost/jrrc_web_php/User/edit [运行时间：1.100215s][吞吐率：0.91req/s] [内存消耗：2,429.63kb] [文件加载：52]
[ info ] [ LANG ] D:\projects\WWW\jrrc_web_php\thinkphp\lang\zh-cn.php
[ info ] [ ROUTE ] array (
  'type' => 'module',
  'module' => 
  array (
    0 => NULL,
    1 => 'User',
    2 => 'edit',
  ),
)
[ info ] [ HEADER ] array (
  'host' => 'localhost',
  'connection' => 'keep-alive',
  'content-length' => '1879',
  'origin' => 'http://localhost',
  'x-requested-with' => 'XMLHttpRequest',
  'user-agent' => 'Mozilla/5.0 (Windows NT 10.0; WOW64) AppleWebKit/537.36 (KHTML, like Gecko) Chrome/45.0.2454.101 Safari/537.36',
  'content-type' => 'application/x-www-form-urlencoded; charset=UTF-8',
  'accept' => '*/*',
  'referer' => 'http://localhost/jrrc_web_php/Main/index',
  'accept-encoding' => 'gzip, deflate',
  'accept-language' => 'zh-CN,zh;q=0.8',
  'cookie' => 'PHPSESSID=drojb9q4b3f40jr2aihlm3iu41',
)
[ info ] [ PARAM ] array (
)
[ info ] [ RUN ] app\Controller\UserController->edit[ D:\projects\WWW\jrrc_web_php\application\controller\UserController.php ]
[ info ] [ DB ] INIT mysql
[ info ] [ LOG ] INIT File
[ sql ] [ DB ] CONNECT:[ UseTime:1.014127s ] mysql:dbname=jrrc;host=localhost;port=3306;charset=utf8
[ sql ] [ SQL ] SHOW COLUMNS FROM `jrrc_user` [ RunTime:0.017118s ]
[ sql ] [ SQL ] SELECT * FROM `jrrc_user` WHERE  `id` = 1 LIMIT 1 [ RunTime:0.000525s ]
[ error ] [8]Trying to get property of non-object[D:\projects\WWW\jrrc_web_php\application\controller\UserController.php:102]

---------------------------------------------------------------
[ 2017-05-13T15:34:47+08:00 ] ::1 ::1 POST /jrrc_web_php/User/edit
[ log ] localhost/jrrc_web_php/User/edit [运行时间：1.064650s][吞吐率：0.94req/s] [内存消耗：2,429.63kb] [文件加载：52]
[ info ] [ LANG ] D:\projects\WWW\jrrc_web_php\thinkphp\lang\zh-cn.php
[ info ] [ ROUTE ] array (
  'type' => 'module',
  'module' => 
  array (
    0 => NULL,
    1 => 'User',
    2 => 'edit',
  ),
)
[ info ] [ HEADER ] array (
  'host' => 'localhost',
  'connection' => 'keep-alive',
  'content-length' => '1879',
  'origin' => 'http://localhost',
  'x-requested-with' => 'XMLHttpRequest',
  'user-agent' => 'Mozilla/5.0 (Windows NT 10.0; WOW64) AppleWebKit/537.36 (KHTML, like Gecko) Chrome/45.0.2454.101 Safari/537.36',
  'content-type' => 'application/x-www-form-urlencoded; charset=UTF-8',
  'accept' => '*/*',
  'referer' => 'http://localhost/jrrc_web_php/Main/index',
  'accept-encoding' => 'gzip, deflate',
  'accept-language' => 'zh-CN,zh;q=0.8',
  'cookie' => 'PHPSESSID=drojb9q4b3f40jr2aihlm3iu41',
)
[ info ] [ PARAM ] array (
)
[ info ] [ RUN ] app\Controller\UserController->edit[ D:\projects\WWW\jrrc_web_php\application\controller\UserController.php ]
[ info ] [ DB ] INIT mysql
[ info ] [ LOG ] INIT File
[ sql ] [ DB ] CONNECT:[ UseTime:1.004764s ] mysql:dbname=jrrc;host=localhost;port=3306;charset=utf8
[ sql ] [ SQL ] SHOW COLUMNS FROM `jrrc_user` [ RunTime:0.018973s ]
[ sql ] [ SQL ] SELECT * FROM `jrrc_user` WHERE  `id` = 1 LIMIT 1 [ RunTime:0.000430s ]
[ error ] [8]Trying to get property of non-object[D:\projects\WWW\jrrc_web_php\application\controller\UserController.php:102]

---------------------------------------------------------------
[ 2017-05-13T15:34:48+08:00 ] ::1 ::1 POST /jrrc_web_php/User/edit
[ log ] localhost/jrrc_web_php/User/edit [运行时间：1.069779s][吞吐率：0.93req/s] [内存消耗：2,429.66kb] [文件加载：52]
[ info ] [ LANG ] D:\projects\WWW\jrrc_web_php\thinkphp\lang\zh-cn.php
[ info ] [ ROUTE ] array (
  'type' => 'module',
  'module' => 
  array (
    0 => NULL,
    1 => 'User',
    2 => 'edit',
  ),
)
[ info ] [ HEADER ] array (
  'host' => 'localhost',
  'connection' => 'keep-alive',
  'content-length' => '1883',
  'origin' => 'http://localhost',
  'x-requested-with' => 'XMLHttpRequest',
  'user-agent' => 'Mozilla/5.0 (Windows NT 10.0; WOW64) AppleWebKit/537.36 (KHTML, like Gecko) Chrome/45.0.2454.101 Safari/537.36',
  'content-type' => 'application/x-www-form-urlencoded; charset=UTF-8',
  'accept' => '*/*',
  'referer' => 'http://localhost/jrrc_web_php/Main/index',
  'accept-encoding' => 'gzip, deflate',
  'accept-language' => 'zh-CN,zh;q=0.8',
  'cookie' => 'PHPSESSID=drojb9q4b3f40jr2aihlm3iu41',
)
[ info ] [ PARAM ] array (
)
[ info ] [ RUN ] app\Controller\UserController->edit[ D:\projects\WWW\jrrc_web_php\application\controller\UserController.php ]
[ info ] [ DB ] INIT mysql
[ info ] [ LOG ] INIT File
[ sql ] [ DB ] CONNECT:[ UseTime:1.011623s ] mysql:dbname=jrrc;host=localhost;port=3306;charset=utf8
[ sql ] [ SQL ] SHOW COLUMNS FROM `jrrc_user` [ RunTime:0.015515s ]
[ sql ] [ SQL ] SELECT * FROM `jrrc_user` WHERE  `id` = 1 LIMIT 1 [ RunTime:0.000459s ]
[ error ] [8]Trying to get property of non-object[D:\projects\WWW\jrrc_web_php\application\controller\UserController.php:102]

---------------------------------------------------------------
[ 2017-05-13T15:34:51+08:00 ] ::1 ::1 POST /jrrc_web_php/User/edit
[ log ] localhost/jrrc_web_php/User/edit [运行时间：1.050209s][吞吐率：0.95req/s] [内存消耗：2,429.66kb] [文件加载：52]
[ info ] [ LANG ] D:\projects\WWW\jrrc_web_php\thinkphp\lang\zh-cn.php
[ info ] [ ROUTE ] array (
  'type' => 'module',
  'module' => 
  array (
    0 => NULL,
    1 => 'User',
    2 => 'edit',
  ),
)
[ info ] [ HEADER ] array (
  'host' => 'localhost',
  'connection' => 'keep-alive',
  'content-length' => '1886',
  'origin' => 'http://localhost',
  'x-requested-with' => 'XMLHttpRequest',
  'user-agent' => 'Mozilla/5.0 (Windows NT 10.0; WOW64) AppleWebKit/537.36 (KHTML, like Gecko) Chrome/45.0.2454.101 Safari/537.36',
  'content-type' => 'application/x-www-form-urlencoded; charset=UTF-8',
  'accept' => '*/*',
  'referer' => 'http://localhost/jrrc_web_php/Main/index',
  'accept-encoding' => 'gzip, deflate',
  'accept-language' => 'zh-CN,zh;q=0.8',
  'cookie' => 'PHPSESSID=drojb9q4b3f40jr2aihlm3iu41',
)
[ info ] [ PARAM ] array (
)
[ info ] [ RUN ] app\Controller\UserController->edit[ D:\projects\WWW\jrrc_web_php\application\controller\UserController.php ]
[ info ] [ DB ] INIT mysql
[ info ] [ LOG ] INIT File
[ sql ] [ DB ] CONNECT:[ UseTime:1.002414s ] mysql:dbname=jrrc;host=localhost;port=3306;charset=utf8
[ sql ] [ SQL ] SHOW COLUMNS FROM `jrrc_user` [ RunTime:0.015932s ]
[ sql ] [ SQL ] SELECT * FROM `jrrc_user` WHERE  `id` = 1 LIMIT 1 [ RunTime:0.000449s ]
[ error ] [8]Trying to get property of non-object[D:\projects\WWW\jrrc_web_php\application\controller\UserController.php:102]

---------------------------------------------------------------
[ 2017-05-13T16:02:50+08:00 ] ::1 ::1 POST /jrrc_web_php/User/edit
[ log ] localhost/jrrc_web_php/User/edit [运行时间：1.094983s][吞吐率：0.91req/s] [内存消耗：2,431.48kb] [文件加载：52]
[ info ] [ LANG ] D:\projects\WWW\jrrc_web_php\thinkphp\lang\zh-cn.php
[ info ] [ ROUTE ] array (
  'type' => 'module',
  'module' => 
  array (
    0 => NULL,
    1 => 'User',
    2 => 'edit',
  ),
)
[ info ] [ HEADER ] array (
  'host' => 'localhost',
  'connection' => 'keep-alive',
  'content-length' => '1889',
  'origin' => 'http://localhost',
  'x-requested-with' => 'XMLHttpRequest',
  'user-agent' => 'Mozilla/5.0 (Windows NT 10.0; WOW64) AppleWebKit/537.36 (KHTML, like Gecko) Chrome/45.0.2454.101 Safari/537.36',
  'content-type' => 'application/x-www-form-urlencoded; charset=UTF-8',
  'accept' => '*/*',
  'referer' => 'http://localhost/jrrc_web_php/Main/index',
  'accept-encoding' => 'gzip, deflate',
  'accept-language' => 'zh-CN,zh;q=0.8',
  'cookie' => 'PHPSESSID=drojb9q4b3f40jr2aihlm3iu41',
)
[ info ] [ PARAM ] array (
)
[ info ] [ RUN ] app\Controller\UserController->edit[ D:\projects\WWW\jrrc_web_php\application\controller\UserController.php ]
[ info ] [ DB ] INIT mysql
[ info ] [ LOG ] INIT File
[ sql ] [ DB ] CONNECT:[ UseTime:1.004680s ] mysql:dbname=jrrc;host=localhost;port=3306;charset=utf8
[ sql ] [ SQL ] SHOW COLUMNS FROM `jrrc_user` [ RunTime:0.028469s ]
[ sql ] [ SQL ] SELECT * FROM `jrrc_user` WHERE  `id` = 1 LIMIT 1 [ RunTime:0.000392s ]
[ error ] [8]Trying to get property of non-object[D:\projects\WWW\jrrc_web_php\application\controller\UserController.php:102]

---------------------------------------------------------------
[ 2017-05-13T16:03:14+08:00 ] ::1 ::1 POST /jrrc_web_php/User/edit
[ log ] localhost/jrrc_web_php/User/edit [运行时间：1.084792s][吞吐率：0.92req/s] [内存消耗：2,431.64kb] [文件加载：52]
[ info ] [ LANG ] D:\projects\WWW\jrrc_web_php\thinkphp\lang\zh-cn.php
[ info ] [ ROUTE ] array (
  'type' => 'module',
  'module' => 
  array (
    0 => NULL,
    1 => 'User',
    2 => 'edit',
  ),
)
[ info ] [ HEADER ] array (
  'host' => 'localhost',
  'connection' => 'keep-alive',
  'content-length' => '1893',
  'origin' => 'http://localhost',
  'x-requested-with' => 'XMLHttpRequest',
  'user-agent' => 'Mozilla/5.0 (Windows NT 10.0; WOW64) AppleWebKit/537.36 (KHTML, like Gecko) Chrome/45.0.2454.101 Safari/537.36',
  'content-type' => 'application/x-www-form-urlencoded; charset=UTF-8',
  'accept' => '*/*',
  'referer' => 'http://localhost/jrrc_web_php/Main/index',
  'accept-encoding' => 'gzip, deflate',
  'accept-language' => 'zh-CN,zh;q=0.8',
  'cookie' => 'PHPSESSID=drojb9q4b3f40jr2aihlm3iu41',
)
[ info ] [ PARAM ] array (
)
[ info ] [ RUN ] app\Controller\UserController->edit[ D:\projects\WWW\jrrc_web_php\application\controller\UserController.php ]
[ info ] [ DB ] INIT mysql
[ info ] [ LOG ] INIT File
[ sql ] [ DB ] CONNECT:[ UseTime:1.014677s ] mysql:dbname=jrrc;host=localhost;port=3306;charset=utf8
[ sql ] [ SQL ] SHOW COLUMNS FROM `jrrc_user` [ RunTime:0.027436s ]
[ sql ] [ SQL ] SELECT * FROM `jrrc_user` WHERE  `id` = 1 LIMIT 1 [ RunTime:0.000611s ]
[ error ] [8]Trying to get property of non-object[D:\projects\WWW\jrrc_web_php\application\controller\UserController.php:102]

---------------------------------------------------------------
[ 2017-05-13T16:03:20+08:00 ] ::1 ::1 POST /jrrc_web_php/User/edit
[ log ] localhost/jrrc_web_php/User/edit [运行时间：1.082566s][吞吐率：0.92req/s] [内存消耗：2,431.84kb] [文件加载：52]
[ info ] [ LANG ] D:\projects\WWW\jrrc_web_php\thinkphp\lang\zh-cn.php
[ info ] [ ROUTE ] array (
  'type' => 'module',
  'module' => 
  array (
    0 => NULL,
    1 => 'User',
    2 => 'edit',
  ),
)
[ info ] [ HEADER ] array (
  'host' => 'localhost',
  'connection' => 'keep-alive',
  'content-length' => '1897',
  'origin' => 'http://localhost',
  'x-requested-with' => 'XMLHttpRequest',
  'user-agent' => 'Mozilla/5.0 (Windows NT 10.0; WOW64) AppleWebKit/537.36 (KHTML, like Gecko) Chrome/45.0.2454.101 Safari/537.36',
  'content-type' => 'application/x-www-form-urlencoded; charset=UTF-8',
  'accept' => '*/*',
  'referer' => 'http://localhost/jrrc_web_php/Main/index',
  'accept-encoding' => 'gzip, deflate',
  'accept-language' => 'zh-CN,zh;q=0.8',
  'cookie' => 'PHPSESSID=drojb9q4b3f40jr2aihlm3iu41',
)
[ info ] [ PARAM ] array (
)
[ info ] [ RUN ] app\Controller\UserController->edit[ D:\projects\WWW\jrrc_web_php\application\controller\UserController.php ]
[ info ] [ DB ] INIT mysql
[ info ] [ LOG ] INIT File
[ sql ] [ DB ] CONNECT:[ UseTime:1.014933s ] mysql:dbname=jrrc;host=localhost;port=3306;charset=utf8
[ sql ] [ SQL ] SHOW COLUMNS FROM `jrrc_user` [ RunTime:0.013278s ]
[ sql ] [ SQL ] SELECT * FROM `jrrc_user` WHERE  `id` = 1 LIMIT 1 [ RunTime:0.000288s ]
[ error ] [8]Trying to get property of non-object[D:\projects\WWW\jrrc_web_php\application\controller\UserController.php:102]

---------------------------------------------------------------
[ 2017-05-13T16:04:23+08:00 ] ::1 ::1 POST /jrrc_web_php/User/edit
[ log ] localhost/jrrc_web_php/User/edit [运行时间：1.051947s][吞吐率：0.95req/s] [内存消耗：2,431.84kb] [文件加载：52]
[ info ] [ LANG ] D:\projects\WWW\jrrc_web_php\thinkphp\lang\zh-cn.php
[ info ] [ ROUTE ] array (
  'type' => 'module',
  'module' => 
  array (
    0 => NULL,
    1 => 'User',
    2 => 'edit',
  ),
)
[ info ] [ HEADER ] array (
  'host' => 'localhost',
  'connection' => 'keep-alive',
  'content-length' => '1899',
  'origin' => 'http://localhost',
  'x-requested-with' => 'XMLHttpRequest',
  'user-agent' => 'Mozilla/5.0 (Windows NT 10.0; WOW64) AppleWebKit/537.36 (KHTML, like Gecko) Chrome/45.0.2454.101 Safari/537.36',
  'content-type' => 'application/x-www-form-urlencoded; charset=UTF-8',
  'accept' => '*/*',
  'referer' => 'http://localhost/jrrc_web_php/Main/index',
  'accept-encoding' => 'gzip, deflate',
  'accept-language' => 'zh-CN,zh;q=0.8',
  'cookie' => 'PHPSESSID=drojb9q4b3f40jr2aihlm3iu41',
)
[ info ] [ PARAM ] array (
)
[ info ] [ RUN ] app\Controller\UserController->edit[ D:\projects\WWW\jrrc_web_php\application\controller\UserController.php ]
[ info ] [ DB ] INIT mysql
[ info ] [ LOG ] INIT File
[ sql ] [ DB ] CONNECT:[ UseTime:1.002745s ] mysql:dbname=jrrc;host=localhost;port=3306;charset=utf8
[ sql ] [ SQL ] SHOW COLUMNS FROM `jrrc_user` [ RunTime:0.017179s ]
[ sql ] [ SQL ] SELECT * FROM `jrrc_user` WHERE  `id` = 1 LIMIT 1 [ RunTime:0.000468s ]
[ error ] [8]Trying to get property of non-object[D:\projects\WWW\jrrc_web_php\application\controller\UserController.php:102]

---------------------------------------------------------------
[ 2017-05-13T16:04:24+08:00 ] ::1 ::1 POST /jrrc_web_php/User/edit
[ log ] localhost/jrrc_web_php/User/edit [运行时间：1.048467s][吞吐率：0.95req/s] [内存消耗：2,431.84kb] [文件加载：52]
[ info ] [ LANG ] D:\projects\WWW\jrrc_web_php\thinkphp\lang\zh-cn.php
[ info ] [ ROUTE ] array (
  'type' => 'module',
  'module' => 
  array (
    0 => NULL,
    1 => 'User',
    2 => 'edit',
  ),
)
[ info ] [ HEADER ] array (
  'host' => 'localhost',
  'connection' => 'keep-alive',
  'content-length' => '1901',
  'origin' => 'http://localhost',
  'x-requested-with' => 'XMLHttpRequest',
  'user-agent' => 'Mozilla/5.0 (Windows NT 10.0; WOW64) AppleWebKit/537.36 (KHTML, like Gecko) Chrome/45.0.2454.101 Safari/537.36',
  'content-type' => 'application/x-www-form-urlencoded; charset=UTF-8',
  'accept' => '*/*',
  'referer' => 'http://localhost/jrrc_web_php/Main/index',
  'accept-encoding' => 'gzip, deflate',
  'accept-language' => 'zh-CN,zh;q=0.8',
  'cookie' => 'PHPSESSID=drojb9q4b3f40jr2aihlm3iu41',
)
[ info ] [ PARAM ] array (
)
[ info ] [ RUN ] app\Controller\UserController->edit[ D:\projects\WWW\jrrc_web_php\application\controller\UserController.php ]
[ info ] [ DB ] INIT mysql
[ info ] [ LOG ] INIT File
[ sql ] [ DB ] CONNECT:[ UseTime:1.001844s ] mysql:dbname=jrrc;host=localhost;port=3306;charset=utf8
[ sql ] [ SQL ] SHOW COLUMNS FROM `jrrc_user` [ RunTime:0.009263s ]
[ sql ] [ SQL ] SELECT * FROM `jrrc_user` WHERE  `id` = 1 LIMIT 1 [ RunTime:0.000458s ]
[ error ] [8]Trying to get property of non-object[D:\projects\WWW\jrrc_web_php\application\controller\UserController.php:102]

---------------------------------------------------------------
[ 2017-05-13T16:04:25+08:00 ] ::1 ::1 POST /jrrc_web_php/User/edit
[ log ] localhost/jrrc_web_php/User/edit [运行时间：1.082267s][吞吐率：0.92req/s] [内存消耗：2,431.84kb] [文件加载：52]
[ info ] [ LANG ] D:\projects\WWW\jrrc_web_php\thinkphp\lang\zh-cn.php
[ info ] [ ROUTE ] array (
  'type' => 'module',
  'module' => 
  array (
    0 => NULL,
    1 => 'User',
    2 => 'edit',
  ),
)
[ info ] [ HEADER ] array (
  'host' => 'localhost',
  'connection' => 'keep-alive',
  'content-length' => '1903',
  'origin' => 'http://localhost',
  'x-requested-with' => 'XMLHttpRequest',
  'user-agent' => 'Mozilla/5.0 (Windows NT 10.0; WOW64) AppleWebKit/537.36 (KHTML, like Gecko) Chrome/45.0.2454.101 Safari/537.36',
  'content-type' => 'application/x-www-form-urlencoded; charset=UTF-8',
  'accept' => '*/*',
  'referer' => 'http://localhost/jrrc_web_php/Main/index',
  'accept-encoding' => 'gzip, deflate',
  'accept-language' => 'zh-CN,zh;q=0.8',
  'cookie' => 'PHPSESSID=drojb9q4b3f40jr2aihlm3iu41',
)
[ info ] [ PARAM ] array (
)
[ info ] [ RUN ] app\Controller\UserController->edit[ D:\projects\WWW\jrrc_web_php\application\controller\UserController.php ]
[ info ] [ DB ] INIT mysql
[ info ] [ LOG ] INIT File
[ sql ] [ DB ] CONNECT:[ UseTime:1.014402s ] mysql:dbname=jrrc;host=localhost;port=3306;charset=utf8
[ sql ] [ SQL ] SHOW COLUMNS FROM `jrrc_user` [ RunTime:0.030517s ]
[ sql ] [ SQL ] SELECT * FROM `jrrc_user` WHERE  `id` = 1 LIMIT 1 [ RunTime:0.000426s ]
[ error ] [8]Trying to get property of non-object[D:\projects\WWW\jrrc_web_php\application\controller\UserController.php:102]

---------------------------------------------------------------
[ 2017-05-13T20:38:39+08:00 ] ::1 ::1 POST /jrrc_web_php/User/edit
[ log ] localhost/jrrc_web_php/User/edit [运行时间：1.267334s][吞吐率：0.79req/s] [内存消耗：2,431.84kb] [文件加载：52]
[ info ] [ LANG ] D:\projects\WWW\jrrc_web_php\thinkphp\lang\zh-cn.php
[ info ] [ ROUTE ] array (
  'type' => 'module',
  'module' => 
  array (
    0 => NULL,
    1 => 'User',
    2 => 'edit',
  ),
)
[ info ] [ HEADER ] array (
  'host' => 'localhost',
  'connection' => 'keep-alive',
  'content-length' => '1903',
  'origin' => 'http://localhost',
  'x-requested-with' => 'XMLHttpRequest',
  'user-agent' => 'Mozilla/5.0 (Windows NT 10.0; WOW64) AppleWebKit/537.36 (KHTML, like Gecko) Chrome/45.0.2454.101 Safari/537.36',
  'content-type' => 'application/x-www-form-urlencoded; charset=UTF-8',
  'accept' => '*/*',
  'referer' => 'http://localhost/jrrc_web_php/Main/index',
  'accept-encoding' => 'gzip, deflate',
  'accept-language' => 'zh-CN,zh;q=0.8',
  'cookie' => 'PHPSESSID=drojb9q4b3f40jr2aihlm3iu41',
)
[ info ] [ PARAM ] array (
)
[ info ] [ RUN ] app\Controller\UserController->edit[ D:\projects\WWW\jrrc_web_php\application\controller\UserController.php ]
[ info ] [ DB ] INIT mysql
[ info ] [ LOG ] INIT File
[ sql ] [ DB ] CONNECT:[ UseTime:1.003101s ] mysql:dbname=jrrc;host=localhost;port=3306;charset=utf8
[ sql ] [ SQL ] SHOW COLUMNS FROM `jrrc_user` [ RunTime:0.020123s ]
[ sql ] [ SQL ] SELECT * FROM `jrrc_user` WHERE  `id` = 1 LIMIT 1 [ RunTime:0.000511s ]
[ error ] [8]Trying to get property of non-object[D:\projects\WWW\jrrc_web_php\application\controller\UserController.php:102]

---------------------------------------------------------------
[ 2017-05-13T20:38:39+08:00 ] ::1 ::1 POST /jrrc_web_php/User/edit
[ log ] localhost/jrrc_web_php/User/edit [运行时间：1.052344s][吞吐率：0.95req/s] [内存消耗：2,431.82kb] [文件加载：52]
[ info ] [ LANG ] D:\projects\WWW\jrrc_web_php\thinkphp\lang\zh-cn.php
[ info ] [ ROUTE ] array (
  'type' => 'module',
  'module' => 
  array (
    0 => NULL,
    1 => 'User',
    2 => 'edit',
  ),
)
[ info ] [ HEADER ] array (
  'host' => 'localhost',
  'connection' => 'keep-alive',
  'content-length' => '1905',
  'origin' => 'http://localhost',
  'x-requested-with' => 'XMLHttpRequest',
  'user-agent' => 'Mozilla/5.0 (Windows NT 10.0; WOW64) AppleWebKit/537.36 (KHTML, like Gecko) Chrome/45.0.2454.101 Safari/537.36',
  'content-type' => 'application/x-www-form-urlencoded; charset=UTF-8',
  'accept' => '*/*',
  'referer' => 'http://localhost/jrrc_web_php/Main/index',
  'accept-encoding' => 'gzip, deflate',
  'accept-language' => 'zh-CN,zh;q=0.8',
  'cookie' => 'PHPSESSID=drojb9q4b3f40jr2aihlm3iu41',
)
[ info ] [ PARAM ] array (
)
[ info ] [ RUN ] app\Controller\UserController->edit[ D:\projects\WWW\jrrc_web_php\application\controller\UserController.php ]
[ info ] [ DB ] INIT mysql
[ info ] [ LOG ] INIT File
[ sql ] [ DB ] CONNECT:[ UseTime:1.002664s ] mysql:dbname=jrrc;host=localhost;port=3306;charset=utf8
[ sql ] [ SQL ] SHOW COLUMNS FROM `jrrc_user` [ RunTime:0.008647s ]
[ sql ] [ SQL ] SELECT * FROM `jrrc_user` WHERE  `id` = 1 LIMIT 1 [ RunTime:0.000503s ]
[ error ] [8]Trying to get property of non-object[D:\projects\WWW\jrrc_web_php\application\controller\UserController.php:102]

---------------------------------------------------------------
[ 2017-05-13T20:38:40+08:00 ] ::1 ::1 POST /jrrc_web_php/User/edit
[ log ] localhost/jrrc_web_php/User/edit [运行时间：1.057848s][吞吐率：0.95req/s] [内存消耗：2,431.84kb] [文件加载：52]
[ info ] [ LANG ] D:\projects\WWW\jrrc_web_php\thinkphp\lang\zh-cn.php
[ info ] [ ROUTE ] array (
  'type' => 'module',
  'module' => 
  array (
    0 => NULL,
    1 => 'User',
    2 => 'edit',
  ),
)
[ info ] [ HEADER ] array (
  'host' => 'localhost',
  'connection' => 'keep-alive',
  'content-length' => '1903',
  'origin' => 'http://localhost',
  'x-requested-with' => 'XMLHttpRequest',
  'user-agent' => 'Mozilla/5.0 (Windows NT 10.0; WOW64) AppleWebKit/537.36 (KHTML, like Gecko) Chrome/45.0.2454.101 Safari/537.36',
  'content-type' => 'application/x-www-form-urlencoded; charset=UTF-8',
  'accept' => '*/*',
  'referer' => 'http://localhost/jrrc_web_php/Main/index',
  'accept-encoding' => 'gzip, deflate',
  'accept-language' => 'zh-CN,zh;q=0.8',
  'cookie' => 'PHPSESSID=drojb9q4b3f40jr2aihlm3iu41',
)
[ info ] [ PARAM ] array (
)
[ info ] [ RUN ] app\Controller\UserController->edit[ D:\projects\WWW\jrrc_web_php\application\controller\UserController.php ]
[ info ] [ DB ] INIT mysql
[ info ] [ LOG ] INIT File
[ sql ] [ DB ] CONNECT:[ UseTime:1.002297s ] mysql:dbname=jrrc;host=localhost;port=3306;charset=utf8
[ sql ] [ SQL ] SHOW COLUMNS FROM `jrrc_user` [ RunTime:0.015128s ]
[ sql ] [ SQL ] SELECT * FROM `jrrc_user` WHERE  `id` = 1 LIMIT 1 [ RunTime:0.000442s ]
[ error ] [8]Trying to get property of non-object[D:\projects\WWW\jrrc_web_php\application\controller\UserController.php:102]

---------------------------------------------------------------
[ 2017-05-13T20:38:44+08:00 ] ::1 ::1 POST /jrrc_web_php/User/edit
[ log ] localhost/jrrc_web_php/User/edit [运行时间：1.058491s][吞吐率：0.94req/s] [内存消耗：2,431.84kb] [文件加载：52]
[ info ] [ LANG ] D:\projects\WWW\jrrc_web_php\thinkphp\lang\zh-cn.php
[ info ] [ ROUTE ] array (
  'type' => 'module',
  'module' => 
  array (
    0 => NULL,
    1 => 'User',
    2 => 'edit',
  ),
)
[ info ] [ HEADER ] array (
  'host' => 'localhost',
  'connection' => 'keep-alive',
  'content-length' => '1901',
  'origin' => 'http://localhost',
  'x-requested-with' => 'XMLHttpRequest',
  'user-agent' => 'Mozilla/5.0 (Windows NT 10.0; WOW64) AppleWebKit/537.36 (KHTML, like Gecko) Chrome/45.0.2454.101 Safari/537.36',
  'content-type' => 'application/x-www-form-urlencoded; charset=UTF-8',
  'accept' => '*/*',
  'referer' => 'http://localhost/jrrc_web_php/Main/index',
  'accept-encoding' => 'gzip, deflate',
  'accept-language' => 'zh-CN,zh;q=0.8',
  'cookie' => 'PHPSESSID=drojb9q4b3f40jr2aihlm3iu41',
)
[ info ] [ PARAM ] array (
)
[ info ] [ RUN ] app\Controller\UserController->edit[ D:\projects\WWW\jrrc_web_php\application\controller\UserController.php ]
[ info ] [ DB ] INIT mysql
[ info ] [ LOG ] INIT File
[ sql ] [ DB ] CONNECT:[ UseTime:1.002381s ] mysql:dbname=jrrc;host=localhost;port=3306;charset=utf8
[ sql ] [ SQL ] SHOW COLUMNS FROM `jrrc_user` [ RunTime:0.014272s ]
[ sql ] [ SQL ] SELECT * FROM `jrrc_user` WHERE  `id` = 1 LIMIT 1 [ RunTime:0.000296s ]
[ error ] [8]Trying to get property of non-object[D:\projects\WWW\jrrc_web_php\application\controller\UserController.php:102]

---------------------------------------------------------------
[ 2017-05-13T20:38:45+08:00 ] ::1 ::1 POST /jrrc_web_php/User/edit
[ log ] localhost/jrrc_web_php/User/edit [运行时间：1.084158s][吞吐率：0.92req/s] [内存消耗：2,431.84kb] [文件加载：52]
[ info ] [ LANG ] D:\projects\WWW\jrrc_web_php\thinkphp\lang\zh-cn.php
[ info ] [ ROUTE ] array (
  'type' => 'module',
  'module' => 
  array (
    0 => NULL,
    1 => 'User',
    2 => 'edit',
  ),
)
[ info ] [ HEADER ] array (
  'host' => 'localhost',
  'connection' => 'keep-alive',
  'content-length' => '1901',
  'origin' => 'http://localhost',
  'x-requested-with' => 'XMLHttpRequest',
  'user-agent' => 'Mozilla/5.0 (Windows NT 10.0; WOW64) AppleWebKit/537.36 (KHTML, like Gecko) Chrome/45.0.2454.101 Safari/537.36',
  'content-type' => 'application/x-www-form-urlencoded; charset=UTF-8',
  'accept' => '*/*',
  'referer' => 'http://localhost/jrrc_web_php/Main/index',
  'accept-encoding' => 'gzip, deflate',
  'accept-language' => 'zh-CN,zh;q=0.8',
  'cookie' => 'PHPSESSID=drojb9q4b3f40jr2aihlm3iu41',
)
[ info ] [ PARAM ] array (
)
[ info ] [ RUN ] app\Controller\UserController->edit[ D:\projects\WWW\jrrc_web_php\application\controller\UserController.php ]
[ info ] [ DB ] INIT mysql
[ info ] [ LOG ] INIT File
[ sql ] [ DB ] CONNECT:[ UseTime:1.021964s ] mysql:dbname=jrrc;host=localhost;port=3306;charset=utf8
[ sql ] [ SQL ] SHOW COLUMNS FROM `jrrc_user` [ RunTime:0.019493s ]
[ sql ] [ SQL ] SELECT * FROM `jrrc_user` WHERE  `id` = 1 LIMIT 1 [ RunTime:0.000447s ]
[ error ] [8]Trying to get property of non-object[D:\projects\WWW\jrrc_web_php\application\controller\UserController.php:102]

---------------------------------------------------------------
[ 2017-05-13T20:38:45+08:00 ] ::1 ::1 POST /jrrc_web_php/User/edit
[ log ] localhost/jrrc_web_php/User/edit [运行时间：1.050415s][吞吐率：0.95req/s] [内存消耗：2,431.84kb] [文件加载：52]
[ info ] [ LANG ] D:\projects\WWW\jrrc_web_php\thinkphp\lang\zh-cn.php
[ info ] [ ROUTE ] array (
  'type' => 'module',
  'module' => 
  array (
    0 => NULL,
    1 => 'User',
    2 => 'edit',
  ),
)
[ info ] [ HEADER ] array (
  'host' => 'localhost',
  'connection' => 'keep-alive',
  'content-length' => '1901',
  'origin' => 'http://localhost',
  'x-requested-with' => 'XMLHttpRequest',
  'user-agent' => 'Mozilla/5.0 (Windows NT 10.0; WOW64) AppleWebKit/537.36 (KHTML, like Gecko) Chrome/45.0.2454.101 Safari/537.36',
  'content-type' => 'application/x-www-form-urlencoded; charset=UTF-8',
  'accept' => '*/*',
  'referer' => 'http://localhost/jrrc_web_php/Main/index',
  'accept-encoding' => 'gzip, deflate',
  'accept-language' => 'zh-CN,zh;q=0.8',
  'cookie' => 'PHPSESSID=drojb9q4b3f40jr2aihlm3iu41',
)
[ info ] [ PARAM ] array (
)
[ info ] [ RUN ] app\Controller\UserController->edit[ D:\projects\WWW\jrrc_web_php\application\controller\UserController.php ]
[ info ] [ DB ] INIT mysql
[ info ] [ LOG ] INIT File
[ sql ] [ DB ] CONNECT:[ UseTime:1.001737s ] mysql:dbname=jrrc;host=localhost;port=3306;charset=utf8
[ sql ] [ SQL ] SHOW COLUMNS FROM `jrrc_user` [ RunTime:0.015087s ]
[ sql ] [ SQL ] SELECT * FROM `jrrc_user` WHERE  `id` = 1 LIMIT 1 [ RunTime:0.000333s ]
[ error ] [8]Trying to get property of non-object[D:\projects\WWW\jrrc_web_php\application\controller\UserController.php:102]

---------------------------------------------------------------
